<?xml version="1.0" encoding="UTF-8"?>
<testng-results ignored="0" total="5" passed="5" failed="0" skipped="0">
  <reporter-output>
  </reporter-output>
  <suite started-at="2024-11-19T19:14:19 IST" name="Default suite" finished-at="2024-11-19T19:14:34 IST" duration-ms="14467">
    <groups>
      <group name="cucumber">
        <method signature="AbstractTestNGCucumberTests.runScenario(io.cucumber.testng.PickleWrapper,io.cucumber.testng.FeatureWrapper)[pri:0, instance:Runner.CrudTestRunner@11392934]" name="runScenario" class="io.cucumber.testng.AbstractTestNGCucumberTests"/>
      </group> <!-- cucumber -->
    </groups>
    <test started-at="2024-11-19T19:14:19 IST" name="Default test" finished-at="2024-11-19T19:14:34 IST" duration-ms="14467">
      <class name="Runner.CrudTestRunner">
        <test-method is-config="true" signature="setUpClass(org.testng.ITestContext)[pri:0, instance:Runner.CrudTestRunner@11392934]" started-at="2024-11-19T19:14:19 IST" name="setUpClass" finished-at="2024-11-19T19:14:21 IST" duration-ms="1674" status="PASS">
          <params>
            <param index="0">
              <value>
                <![CDATA[org.testng.TestRunner@4b6e1c0]]>
              </value>
            </param>
          </params>
          <reporter-output>
          </reporter-output>
        </test-method> <!-- setUpClass -->
        <test-method signature="runScenario(io.cucumber.testng.PickleWrapper,io.cucumber.testng.FeatureWrapper)[pri:0, instance:Runner.CrudTestRunner@11392934]" started-at="2024-11-19T19:14:21 IST" name="runScenario" description="Runs Cucumber Scenarios" data-provider="scenarios" finished-at="2024-11-19T19:14:29 IST" duration-ms="8147" status="PASS">
          <params>
            <param index="0">
              <value>
                <![CDATA["Login into App"]]>
              </value>
            </param>
            <param index="1">
              <value>
                <![CDATA["Conduit CRUD Funtions"]]>
              </value>
            </param>
          </params>
          <reporter-output>
          </reporter-output>
        </test-method> <!-- runScenario -->
        <test-method signature="runScenario(io.cucumber.testng.PickleWrapper,io.cucumber.testng.FeatureWrapper)[pri:0, instance:Runner.CrudTestRunner@11392934]" started-at="2024-11-19T19:14:29 IST" name="runScenario" description="Runs Cucumber Scenarios" data-provider="scenarios" finished-at="2024-11-19T19:14:31 IST" duration-ms="1589" status="PASS">
          <params>
            <param index="0">
              <value>
                <![CDATA["Create new Article"]]>
              </value>
            </param>
            <param index="1">
              <value>
                <![CDATA["Conduit CRUD Funtions"]]>
              </value>
            </param>
          </params>
          <reporter-output>
          </reporter-output>
        </test-method> <!-- runScenario -->
        <test-method signature="runScenario(io.cucumber.testng.PickleWrapper,io.cucumber.testng.FeatureWrapper)[pri:0, instance:Runner.CrudTestRunner@11392934]" started-at="2024-11-19T19:14:31 IST" name="runScenario" description="Runs Cucumber Scenarios" data-provider="scenarios" finished-at="2024-11-19T19:14:32 IST" duration-ms="1199" status="PASS">
          <params>
            <param index="0">
              <value>
                <![CDATA["View Article"]]>
              </value>
            </param>
            <param index="1">
              <value>
                <![CDATA["Conduit CRUD Funtions"]]>
              </value>
            </param>
          </params>
          <reporter-output>
          </reporter-output>
        </test-method> <!-- runScenario -->
        <test-method signature="runScenario(io.cucumber.testng.PickleWrapper,io.cucumber.testng.FeatureWrapper)[pri:0, instance:Runner.CrudTestRunner@11392934]" started-at="2024-11-19T19:14:32 IST" name="runScenario" description="Runs Cucumber Scenarios" data-provider="scenarios" finished-at="2024-11-19T19:14:33 IST" duration-ms="887" status="PASS">
          <params>
            <param index="0">
              <value>
                <![CDATA["Update an Article"]]>
              </value>
            </param>
            <param index="1">
              <value>
                <![CDATA["Conduit CRUD Funtions"]]>
              </value>
            </param>
          </params>
          <reporter-output>
          </reporter-output>
        </test-method> <!-- runScenario -->
        <test-method signature="runScenario(io.cucumber.testng.PickleWrapper,io.cucumber.testng.FeatureWrapper)[pri:0, instance:Runner.CrudTestRunner@11392934]" started-at="2024-11-19T19:14:33 IST" name="runScenario" description="Runs Cucumber Scenarios" data-provider="scenarios" finished-at="2024-11-19T19:14:34 IST" duration-ms="797" status="PASS">
          <params>
            <param index="0">
              <value>
                <![CDATA["Delete an Article"]]>
              </value>
            </param>
            <param index="1">
              <value>
                <![CDATA["Conduit CRUD Funtions"]]>
              </value>
            </param>
          </params>
          <reporter-output>
          </reporter-output>
        </test-method> <!-- runScenario -->
        <test-method is-config="true" signature="tearDownClass()[pri:0, instance:Runner.CrudTestRunner@11392934]" started-at="2024-11-19T19:14:34 IST" name="tearDownClass" finished-at="2024-11-19T19:14:34 IST" duration-ms="65" status="PASS">
          <reporter-output>
          </reporter-output>
        </test-method> <!-- tearDownClass -->
      </class> <!-- Runner.CrudTestRunner -->
    </test> <!-- Default test -->
  </suite> <!-- Default suite -->
</testng-results>
